<?xml version="1.0" encoding="UTF-8"?>
<robot generator="Robot 3.2.2 (Python 3.11.3 on win32)" generated="20230604 08:58:57.073" rpa="false">
<suite id="s1" name="PKPL-RobotTest" source="D:\Semester IV\PKPL\Tugas_selenium\ToolsQA\PKPL-RobotTest">
<suite id="s1-s1" name="RobotLogin" source="D:\Semester IV\PKPL\Tugas_selenium\ToolsQA\PKPL-RobotTest\RobotLogin.robot">
<test id="s1-s1-t1" name="Login1">
<kw name="Open Browser" library="SeleniumLibrary">
<doc>Opens a new browser instance to the optional ``url``.</doc>
<arguments>
<arg>http://127.0.0.1:8000/auth</arg>
<arg>chrome</arg>
</arguments>
<msg timestamp="20230604 08:58:57.484" level="INFO">Opening browser 'chrome' to base url 'http://127.0.0.1:8000/auth'.</msg>
<status status="PASS" starttime="20230604 08:58:57.483" endtime="20230604 08:59:01.372"></status>
</kw>
<kw name="Set Selenium Implicit Wait" library="SeleniumLibrary">
<doc>Sets the implicit wait value used by Selenium.</doc>
<arguments>
<arg>5</arg>
</arguments>
<status status="PASS" starttime="20230604 08:59:01.373" endtime="20230604 08:59:01.384"></status>
</kw>
<kw name="Sleep" library="BuiltIn">
<doc>Pauses the test executed for the given time.</doc>
<arguments>
<arg>2</arg>
</arguments>
<msg timestamp="20230604 08:59:03.385" level="INFO">Slept 2 seconds</msg>
<status status="PASS" starttime="20230604 08:59:01.384" endtime="20230604 08:59:03.385"></status>
</kw>
<kw name="Input Text" library="SeleniumLibrary">
<doc>Types the given ``text`` into the text field identified by ``locator``.</doc>
<arguments>
<arg>//*[@id="email"]</arg>
<arg>lawy12@gmail.com</arg>
</arguments>
<msg timestamp="20230604 08:59:03.388" level="INFO">Typing text 'lawy12@gmail.com' into text field '//*[@id="email"]'.</msg>
<status status="PASS" starttime="20230604 08:59:03.386" endtime="20230604 08:59:03.585"></status>
</kw>
<kw name="Input Password" library="SeleniumLibrary">
<doc>Types the given password into the text field identified by ``locator``.</doc>
<arguments>
<arg>//*[@id="input-password"]</arg>
<arg>12345678</arg>
</arguments>
<msg timestamp="20230604 08:59:03.587" level="INFO">Typing password into text field '//*[@id="input-password"]'.</msg>
<msg timestamp="20230604 08:59:03.645" level="INFO">Temporally setting log level to: NONE</msg>
<msg timestamp="20230604 08:59:03.724" level="INFO">Log level changed from NONE to INFO.</msg>
<status status="PASS" starttime="20230604 08:59:03.586" endtime="20230604 08:59:03.725"></status>
</kw>
<kw name="Click Element" library="SeleniumLibrary">
<doc>Click the element identified by ``locator``.</doc>
<arguments>
<arg>//*[@id="btn_submit"]</arg>
</arguments>
<msg timestamp="20230604 08:59:03.726" level="INFO">Clicking element '//*[@id="btn_submit"]'.</msg>
<status status="PASS" starttime="20230604 08:59:03.726" endtime="20230604 08:59:09.457"></status>
</kw>
<kw name="Sleep" library="BuiltIn">
<doc>Pauses the test executed for the given time.</doc>
<arguments>
<arg>5</arg>
</arguments>
<msg timestamp="20230604 08:59:14.459" level="INFO">Slept 5 seconds</msg>
<status status="PASS" starttime="20230604 08:59:09.457" endtime="20230604 08:59:14.460"></status>
</kw>
<kw name="Close Browser" library="SeleniumLibrary">
<doc>Closes the current browser.</doc>
<status status="PASS" starttime="20230604 08:59:14.461" endtime="20230604 08:59:16.647"></status>
</kw>
<kw name="Log" library="BuiltIn">
<doc>Logs the given message with the given level.</doc>
<arguments>
<arg>Test Completed</arg>
</arguments>
<msg timestamp="20230604 08:59:16.649" level="INFO">Test Completed</msg>
<status status="PASS" starttime="20230604 08:59:16.647" endtime="20230604 08:59:16.649"></status>
</kw>
<status status="PASS" starttime="20230604 08:58:57.483" endtime="20230604 08:59:16.649" critical="yes"></status>
</test>
<status status="PASS" starttime="20230604 08:58:57.172" endtime="20230604 08:59:16.650"></status>
</suite>
<status status="PASS" starttime="20230604 08:58:57.146" endtime="20230604 08:59:16.651"></status>
</suite>
<statistics>
<total>
<stat pass="1" fail="0">Critical Tests</stat>
<stat pass="1" fail="0">All Tests</stat>
</total>
<tag>
</tag>
<suite>
<stat pass="1" fail="0" id="s1" name="PKPL-RobotTest">PKPL-RobotTest</stat>
<stat pass="1" fail="0" id="s1-s1" name="RobotLogin">PKPL-RobotTest.RobotLogin</stat>
</suite>
</statistics>
<errors>
</errors>
</robot>
